{"/Users/mihisarajayasinghe/Documents/CTSE_UserManagementMicroservice/Backend/controllers/authController.js": {"path":"/Users/mihisarajayasinghe/Documents/CTSE_UserManagementMicroservice/Backend/controllers/authController.js","statementMap":{"0":{"start":{"line":1,"column":13},"end":{"line":1,"column":38}},"1":{"start":{"line":2,"column":15},"end":{"line":2,"column":34}},"2":{"start":{"line":3,"column":12},"end":{"line":3,"column":35}},"3":{"start":{"line":5,"column":0},"end":{"line":15,"column":2}},"4":{"start":{"line":6,"column":4},"end":{"line":14,"column":5}},"5":{"start":{"line":7,"column":46},"end":{"line":7,"column":54}},"6":{"start":{"line":8,"column":23},"end":{"line":8,"column":54}},"7":{"start":{"line":9,"column":21},"end":{"line":9,"column":68}},"8":{"start":{"line":10,"column":8},"end":{"line":10,"column":26}},"9":{"start":{"line":11,"column":8},"end":{"line":11,"column":61}},"10":{"start":{"line":13,"column":8},"end":{"line":13,"column":53}},"11":{"start":{"line":17,"column":0},"end":{"line":31,"column":2}},"12":{"start":{"line":18,"column":4},"end":{"line":30,"column":5}},"13":{"start":{"line":19,"column":36},"end":{"line":19,"column":44}},"14":{"start":{"line":20,"column":21},"end":{"line":20,"column":50}},"15":{"start":{"line":21,"column":8},"end":{"line":21,"column":78}},"16":{"start":{"line":21,"column":19},"end":{"line":21,"column":78}},"17":{"start":{"line":23,"column":24},"end":{"line":23,"column":69}},"18":{"start":{"line":24,"column":8},"end":{"line":24,"column":86}},"19":{"start":{"line":24,"column":22},"end":{"line":24,"column":86}},"20":{"start":{"line":26,"column":22},"end":{"line":26,"column":93}},"21":{"start":{"line":27,"column":8},"end":{"line":27,"column":96}},"22":{"start":{"line":29,"column":8},"end":{"line":29,"column":53}},"23":{"start":{"line":33,"column":0},"end":{"line":40,"column":2}},"24":{"start":{"line":34,"column":4},"end":{"line":39,"column":5}},"25":{"start":{"line":35,"column":21},"end":{"line":35,"column":73}},"26":{"start":{"line":36,"column":8},"end":{"line":36,"column":23}},"27":{"start":{"line":38,"column":8},"end":{"line":38,"column":53}}},"fnMap":{"0":{"name":"(anonymous_0)","decl":{"start":{"line":5,"column":19},"end":{"line":5,"column":20}},"loc":{"start":{"line":5,"column":39},"end":{"line":15,"column":1}},"line":5},"1":{"name":"(anonymous_1)","decl":{"start":{"line":17,"column":16},"end":{"line":17,"column":17}},"loc":{"start":{"line":17,"column":36},"end":{"line":31,"column":1}},"line":17},"2":{"name":"(anonymous_2)","decl":{"start":{"line":33,"column":21},"end":{"line":33,"column":22}},"loc":{"start":{"line":33,"column":41},"end":{"line":40,"column":1}},"line":33}},"branchMap":{"0":{"loc":{"start":{"line":21,"column":8},"end":{"line":21,"column":78}},"type":"if","locations":[{"start":{"line":21,"column":8},"end":{"line":21,"column":78}},{"start":{},"end":{}}],"line":21},"1":{"loc":{"start":{"line":24,"column":8},"end":{"line":24,"column":86}},"type":"if","locations":[{"start":{"line":24,"column":8},"end":{"line":24,"column":86}},{"start":{},"end":{}}],"line":24}},"s":{"0":1,"1":1,"2":1,"3":1,"4":2,"5":2,"6":2,"7":1,"8":1,"9":1,"10":1,"11":1,"12":3,"13":3,"14":3,"15":3,"16":1,"17":2,"18":2,"19":1,"20":1,"21":1,"22":0,"23":1,"24":1,"25":1,"26":1,"27":0},"f":{"0":2,"1":3,"2":1},"b":{"0":[1,2],"1":[1,1]},"_coverageSchema":"1a1c01bbd47fc00a2c39e90264f33305004495a9","hash":"6b356a30b9fded8ad5307698d856afcf1781d902"}
,"/Users/mihisarajayasinghe/Documents/CTSE_UserManagementMicroservice/Backend/models/user.js": {"path":"/Users/mihisarajayasinghe/Documents/CTSE_UserManagementMicroservice/Backend/models/user.js","statementMap":{"0":{"start":{"line":1,"column":17},"end":{"line":1,"column":36}},"1":{"start":{"line":3,"column":19},"end":{"line":7,"column":24}},"2":{"start":{"line":9,"column":0},"end":{"line":9,"column":52}}},"fnMap":{},"branchMap":{},"s":{"0":1,"1":1,"2":1},"f":{},"b":{},"_coverageSchema":"1a1c01bbd47fc00a2c39e90264f33305004495a9","hash":"f2cfe88b8ea3fa1204669fe48293dee728f7b018"}
}
