TN:
SF:controllers/authController.js
FN:5,(anonymous_0)
FN:17,(anonymous_1)
FN:33,(anonymous_2)
FNF:3
FNH:3
FNDA:2,(anonymous_0)
FNDA:3,(anonymous_1)
FNDA:1,(anonymous_2)
DA:1,1
DA:2,1
DA:3,1
DA:5,1
DA:6,2
DA:7,2
DA:8,2
DA:9,1
DA:10,1
DA:11,1
DA:13,1
DA:17,1
DA:18,3
DA:19,3
DA:20,3
DA:21,3
DA:23,2
DA:24,2
DA:26,1
DA:27,1
DA:29,0
DA:33,1
DA:34,1
DA:35,1
DA:36,1
DA:38,0
LF:26
LH:24
BRDA:21,0,0,1
BRDA:21,0,1,2
BRDA:24,1,0,1
BRDA:24,1,1,1
BRF:4
BRH:4
end_of_record
TN:
SF:models/user.js
FNF:0
FNH:0
DA:1,1
DA:3,1
DA:9,1
LF:3
LH:3
BRF:0
BRH:0
end_of_record
